.section .text {#0}
L1:                                         ; L1: i64@rax Func(u64@rdi data_ptr, i64@rsi data_size, u64@rdx varsize_aux_ptr, i64@rcx vars_ptr, u64@r8 vars_size, i64@r9 rows_ptr, u64@[0] rows_size, i64@[8] rows_id_start_offset, i64@[16] <none>)
push rbx
push rbp
mov r8, qword ptr [rsp+24]
mov r10, qword ptr [rsp+32]
mov rsi, 0                                  ; mov input_index, 0
mov rax, 0                                  ; mov output_index, 0
mov rdi, qword ptr [rdi+16]                 ; mov col_addr_2, qword ptr [data_ptr+16]
cmp rsi, r8                                 ; cmp input_index, rows_size
jge L3                                      ; jge L3
L2:                                         ; L2:
movsd xmm2, qword ptr [rdi+rsi*8]           ; movsd col_2_f64, qword ptr [col_addr_2+input_index*8]
movsd xmm0, qword ptr [L6]                  ; movsd f64_imm 0.100000, qword ptr [L6]
; float_cmp_epsilon_start
movsd xmm1, xmm2                            ; movsd %15, col_2_f64
movsd xmm0, xmm0                            ; movsd %16, f64_imm 0.100000
movq rcx, xmm1                              ; movq %14, %15
and rcx, qword ptr [L6+64]                  ; and %14, qword ptr [L6+64]
cmp rcx, qword ptr [L6+64]                  ; cmp %14, qword ptr [L6+64]
jne L7                                      ; jne L7
mov ebp, 1                                  ; mov %13, 1
movq rcx, xmm0                              ; movq %14, %16
and rcx, qword ptr [L6+64]                  ; and %14, qword ptr [L6+64]
cmp rcx, qword ptr [L6+64]                  ; cmp %14, qword ptr [L6+64]
jne L7                                      ; jne L7
jmp L8                                      ; jmp L8
L7:                                         ; L7:
subsd xmm1, xmm0                            ; subsd %15, %16
andpd xmm1, ymmword ptr [L6+32]             ; andpd %15, ymmword ptr [L6+32]
movsd xmm0, qword ptr [L6+8]                ; movsd %16, qword ptr [L6+8]
xor ebp, ebp                                ; xor %13, %13
ucomisd xmm0, xmm1                          ; ucomisd %16, %15
rex seta bpl                                ; seta %13@gpb
L8:                                         ; L8:
xor rbx, rbx                                ; xor %17, %17
test xmm2, xmm2                             ; test col_2_f64, col_2_f64
sete bl                                     ; sete %17@gpb
movsd xmm0, qword ptr [L6+72]               ; movsd f64_imm -0.100000, qword ptr [L6+72]
; float_cmp_epsilon_start
movsd xmm1, xmm2                            ; movsd %21, col_2_f64
movsd xmm0, xmm0                            ; movsd %22, f64_imm -0.100000
movq rcx, xmm1                              ; movq %20, %21
and rcx, qword ptr [L6+64]                  ; and %20, qword ptr [L6+64]
cmp rcx, qword ptr [L6+64]                  ; cmp %20, qword ptr [L6+64]
jne L9                                      ; jne L9
mov edx, 1                                  ; mov %19, 1
movq rcx, xmm0                              ; movq %20, %22
and rcx, qword ptr [L6+64]                  ; and %20, qword ptr [L6+64]
cmp rcx, qword ptr [L6+64]                  ; cmp %20, qword ptr [L6+64]
jne L9                                      ; jne L9
jmp L10                                     ; jmp L10
L9:                                         ; L9:
subsd xmm1, xmm0                            ; subsd %21, %22
andpd xmm1, ymmword ptr [L6+32]             ; andpd %21, ymmword ptr [L6+32]
movsd xmm0, qword ptr [L6+8]                ; movsd %22, qword ptr [L6+8]
xor edx, edx                                ; xor %19, %19
ucomisd xmm0, xmm1                          ; ucomisd %22, %21
seta dl                                     ; seta %19@gpb
L10:                                        ; L10:
; int32_or_start
or edx, ebx                                 ; or %19, %17@gpd
; int32_or_stop
; int32_or_start
or edx, ebp                                 ; or %19, %13
; int32_or_stop
test edx, edx                               ; test %19, %19
jz L4                                       ; jz L4
L5:                                         ; L5:
lea rcx, [rsi+r10]                          ; lea input_index_+_rows_id_start_offset, [input_index+rows_id_start_offset]
mov qword ptr [r9+rax*8], rcx               ; mov qword ptr [rows_ptr+output_index*8], input_index_+_rows_id_start_offset
add rax, 1                                  ; add output_index, 1
L4:                                         ; L4:
add rsi, 1                                  ; add input_index, 1
cmp rsi, r8                                 ; cmp input_index, rows_size
jl L2                                       ; jl L2
L3:                                         ; L3:
L0:                                         ; L0:
pop rbp
pop rbx
ret
align 32
L6:
.dq 0x3FB999999999999A, 0x3DDB7CDFD9D7BDBB, 0x0000000000000000, 0x0000000000000000, 0x7FFFFFFFFFFFFFFF, 0x7FFFFFFFFFFFFFFF, 0x0000000000000002, 0x0000000000000000, 0x7FF0000000000000, 0xBFB999999999999A

Expected:
k	f32	f64

Actual:
k	f32	f64
1970-01-05T15:06:40.000000Z	0.66077775	0.8043224099968393
1970-01-05T15:23:20.000000Z	0.29919904	0.0843832076262595
1970-01-05T15:40:00.000000Z	0.84234107	0.7905675319675964
1970-01-05T15:56:40.000000Z	0.50938267	0.3491070363730514
1970-01-05T16:13:20.000000Z	0.5243723	0.4217768841969397
1970-01-05T16:30:00.000000Z	0.23905289	0.6276954028373309
1970-01-05T16:46:40.000000Z	0.31005454	0.8756771741121929
1970-01-05T17:03:20.000000Z	0.33608252	0.5249321062686694
1970-01-05T17:20:00.000000Z	0.97711027	0.21583224269349388
1970-01-05T17:36:40.000000Z	0.6381607	0.1911234617573182
1970-01-05T17:53:20.000000Z	0.90380687	0.9687423276940171
1970-01-05T18:10:00.000000Z	0.8912587	0.4882051101858693
1970-01-05T18:26:40.000000Z	0.269221	0.810161274171258
1970-01-05T18:43:20.000000Z	0.5522494	0.022965637512889825
1970-01-05T19:00:00.000000Z	0.050481856	0.975019885372507
1970-01-05T19:16:40.000000Z	0.9311927	0.7643643144642823
1970-01-05T19:33:20.000000Z	0.38642335	0.18769708157331322
1970-01-05T19:50:00.000000Z	0.45634454	0.6590341607692226
1970-01-05T20:06:40.000000Z	0.41495174	0.8837421918800907
1970-01-05T20:23:20.000000Z	0.68216604	0.09750574414434399
1970-01-05T20:40:00.000000Z	0.9566236	0.7588175403454873
1970-01-05T20:56:40.000000Z	0.81641823	0.9269068519549879
1970-01-05T21:13:20.000000Z	0.43717694	0.1202416087573498
1970-01-05T21:30:00.000000Z	0.49428904	0.7133910271555843
1970-01-05T21:46:40.000000Z	0.58112466	0.4971342426836798
1970-01-05T22:03:20.000000Z	0.95400685	0.9047642416961028
1970-01-05T22:20:00.000000Z	0.89409167	0.14830552335848957
1970-01-05T22:36:40.000000Z	0.6806873	0.3456897991538844
1970-01-05T22:53:20.000000Z	0.87332934	0.619291960382302
1970-01-05T23:10:00.000000Z	0.62474275	0.2185865835029681
1970-01-05T23:26:40.000000Z	0.039931238	0.7056586460237274
1970-01-05T23:43:20.000000Z	0.072461724	0.13006100084163252
1970-01-06T00:00:00.000000Z	0.82312495	0.06944480046327317
1970-01-06T00:16:40.000000Z	0.26369333	0.5893398488053903
1970-01-06T00:33:20.000000Z	0.9820662	0.9918093114862231
1970-01-06T00:50:00.000000Z	0.85959	0.8998921791869131
1970-01-06T01:06:40.000000Z	0.8259739	0.33746104579374825
1970-01-06T01:23:20.000000Z	0.3374707	0.10527282622013212
1970-01-06T01:40:00.000000Z	0.7445999	0.32673950830571696
1970-01-06T01:56:40.000000Z	0.27115327	0.6455967424250787
1970-01-06T02:13:20.000000Z	0.6797563	0.029080850168636263
1970-01-06T02:30:00.000000Z	0.73651147	0.5346019596733254
1970-01-06T02:46:40.000000Z	0.98840106	0.6341292894843615
1970-01-06T03:03:20.000000Z	0.05024612	0.5025890936351257
1970-01-06T03:20:00.000000Z	0.6940904	0.48964139862697853
1970-01-06T03:36:40.000000Z	0.76681465	0.4416432347777828
1970-01-06T03:53:20.000000Z	0.75028145	0.2445295612285482
1970-01-06T04:10:00.000000Z	0.5708643	0.5290006415737116
1970-01-06T04:26:40.000000Z	0.05758226	0.7229359906306887
1970-01-06T04:43:20.000000Z	0.10105014	0.5716129058692643
1970-01-06T05:00:00.000000Z	0.9583687	0.3081188706162764
1970-01-06T05:16:40.000000Z	0.56910527	0.40791879008699594
1970-01-06T05:33:20.000000Z	0.11371839	0.8720995238279701
1970-01-06T05:50:00.000000Z	0.69019765	0.09303344348778264
1970-01-06T06:06:40.000000Z	0.77049494	0.08890450062949395
1970-01-06T06:23:20.000000Z	0.14261317	0.7215959171612961
1970-01-06T06:40:00.000000Z	0.2350775	0.6810852005509421
1970-01-06T06:56:40.000000Z	0.08675945	0.9292491654871197
1970-01-06T07:13:20.000000Z	0.6107894	0.25353478516307626
1970-01-06T07:30:00.000000Z	0.055149317	0.39413730502371824
1970-01-06T07:46:40.000000Z	0.7404912	0.10227682008381178
1970-01-06T08:03:20.000000Z	0.8439277	0.04001697462715281
1970-01-06T08:20:00.000000Z	0.33504146	0.3460851141092931
1970-01-06T08:36:40.000000Z	0.77692854	0.18852800970933203
1970-01-06T08:53:20.000000Z	0.62134343	0.4346135812930124
1970-01-06T09:10:00.000000Z	0.2349379	0.996637725831904
1970-01-06T09:26:40.000000Z	0.18158966	0.6721404635638454
1970-01-06T09:43:20.000000Z	0.91301507	0.8813290192134411
1970-01-06T10:00:00.000000Z	0.47290218	0.823395724427589
1970-01-06T10:16:40.000000Z	0.57967216	0.5090837921075583
1970-01-06T10:33:20.000000Z	0.23945916	0.49153268154777974
1970-01-06T10:50:00.000000Z	0.19736767	0.29168465906260244
1970-01-06T11:06:40.000000Z	0.75304896	0.3004874521886858
1970-01-06T11:23:20.000000Z	0.49198997	0.1511578096923386
1970-01-06T11:40:00.000000Z	0.37873226	0.29150980082006395
1970-01-06T11:56:40.000000Z	0.3397609	0.5676527283594215
1970-01-06T12:13:20.000000Z	0.018146396	0.7732229848518976
1970-01-06T12:30:00.000000Z	0.03192103	0.4667778758533798
1970-01-06T12:46:40.000000Z	0.051335096	0.9797944775606992
1970-01-06T13:03:20.000000Z	0.97907877	0.29242748475227853
1970-01-06T13:20:00.000000Z	0.9611983	0.9934423708117267
1970-01-06T13:36:40.000000Z	0.14797455	0.794252253619802
1970-01-06T13:53:20.000000Z	0.14022577	0.4249052453180263
1970-01-06T14:10:00.000000Z	0.04321289	0.5889504900909748
1970-01-06T14:26:40.000000Z	0.6397125	0.798471808479839
1970-01-06T14:43:20.000000Z	0.86562955	0.8136014373529948
1970-01-06T15:00:00.000000Z	0.828046	0.37286547899075506
1970-01-06T15:16:40.000000Z	0.31617856	0.9205584285421768
1970-01-06T15:33:20.000000Z	0.9336095	0.943246566467627
1970-01-06T15:50:00.000000Z	0.85148495	0.7253202715679453
1970-01-06T16:06:40.000000Z	0.3480476	0.9997797234031688
1970-01-06T16:23:20.000000Z	0.13312209	0.8549061862466252
1970-01-06T16:40:00.000000Z	0.50254136	0.17094358360735395
1970-01-06T16:56:40.000000Z	0.50830877	0.5449970817079417
1970-01-06T17:13:20.000000Z	0.87669086	0.005327467706811806
1970-01-06T17:30:00.000000Z	0.034652293	0.6479617440673516
1970-01-06T17:46:40.000000Z	0.96836424	0.12217702189166091
1970-01-06T18:03:20.000000Z	0.04211396	0.8387598218385978
1970-01-06T18:20:00.000000Z	0.46278846	0.21458226845142114
1970-01-06T18:36:40.000000Z	0.20006824	0.6506604601705693
1970-01-06T18:53:20.000000Z	0.55011326	0.569773318453233
1970-01-06T19:10:00.000000Z	0.15992111	0.734728770956117
1970-01-06T19:26:40.000000Z	0.8531407	0.18442756220221035
1970-01-06T19:43:20.000000Z	0.605345	0.7806183442034064
1970-01-06T20:00:00.000000Z	0.7826108	0.4086323159337839
1970-01-06T20:16:40.000000Z	0.21047932	0.8034049105590781
1970-01-06T20:33:20.000000Z	0.40425098	0.14295673988709012
1970-01-06T20:50:00.000000Z	0.36078876	0.8383060222517912
1970-01-06T21:06:40.000000Z	0.7397816	0.07866253119693045
1970-01-06T21:23:20.000000Z	0.8353079	0.9561778292078881
1970-01-06T21:40:00.000000Z	0.66712445	0.7095853775757784
1970-01-06T21:56:40.000000Z	0.9096683	0.10747511833573742
1970-01-06T22:13:20.000000Z	0.2862717	0.030997441190531494
1970-01-06T22:30:00.000000Z	0.8853675	0.37332681683920477
1970-01-06T22:46:40.000000Z	0.78875107	0.0016532800623808575
1970-01-06T23:03:20.000000Z	0.9976896	0.5713685355920771
1970-01-06T23:20:00.000000Z	0.024056375	0.07383464174908916
1970-01-06T23:36:40.000000Z	0.33218664	0.7110275609764849
1970-01-06T23:53:20.000000Z	0.108205974	0.33924820213821316
1970-01-07T00:10:00.000000Z	0.53806263	0.4412051102084278
1970-01-07T00:26:40.000000Z	0.53352433	0.33046819455237
1970-01-07T00:43:20.000000Z	0.26254243	0.3124458010612313
1970-01-07T01:00:00.000000Z	0.79431856	0.3397922134720558
1970-01-07T01:16:40.000000Z	0.3449161	0.365427022047211
1970-01-07T01:33:20.000000Z	0.5851907	0.8486538207666282
1970-01-07T01:50:00.000000Z	0.40317333	0.9370193388878216
1970-01-07T02:06:40.000000Z	0.110250056	0.5700419290086554
1970-01-07T02:23:20.000000Z	0.50645804	0.0846754178136283
1970-01-07T02:40:00.000000Z	0.58150655	0.4913342104187668
1970-01-07T02:56:40.000000Z	0.4041016	0.4375759068189693
1970-01-07T03:13:20.000000Z	0.6366661	0.6944149053754287
1970-01-07T03:30:00.000000Z	0.95314586	0.8985777419215233
1970-01-07T03:46:40.000000Z	0.030750096	0.9246085617322545
1970-01-07T04:03:20.000000Z	0.68160653	0.6240138444047509
1970-01-07T04:20:00.000000Z	0.081092	0.5863937813368164
1970-01-07T04:36:40.000000Z	0.22661573	0.3242526975448907
1970-01-07T04:53:20.000000Z	0.69939095	0.7903520704337446
1970-01-07T05:10:00.000000Z	0.0049185157	0.8148792629172324
1970-01-07T05:26:40.000000Z	0.69955474	0.1339704489137793
1970-01-07T05:43:20.000000Z	0.2883178	0.04558283749364911
1970-01-07T06:00:00.000000Z	0.21957427	0.9562577128401444
1970-01-07T06:16:40.000000Z	0.58239096	0.21224614178286005
1970-01-07T06:33:20.000000Z	0.98495996	0.24584615213823513
1970-01-07T06:50:00.000000Z	0.39211482	0.9737362999312801
1970-01-07T07:06:40.000000Z	0.28122622	0.7876429805027644
1970-01-07T07:23:20.000000Z	0.35046953	0.5371478985442728
1970-01-07T07:40:00.000000Z	0.041229963	0.9328540909719272
1970-01-07T07:56:40.000000Z	0.060521007	0.08039440728458325
1970-01-07T08:13:20.000000Z	0.6884149	0.05890936334115593
1970-01-07T08:30:00.000000Z	0.026319265	0.13525597398079747
1970-01-07T08:46:40.000000Z	0.6246882	0.05995797344646303
1970-01-07T09:03:20.000000Z	0.8973562	0.8887793365099876
1970-01-07T09:20:00.000000Z	0.7280037	0.9750738231283522
1970-01-07T09:36:40.000000Z	0.8289289	0.3838563277145236
1970-01-07T09:53:20.000000Z	0.9113999	0.33435665839497086
1970-01-07T10:10:00.000000Z	0.1632083	0.4758209004780879
1970-01-07T10:26:40.000000Z	0.50569195	0.22122747948030208
1970-01-07T10:43:20.000000Z	0.5359934	0.05579995341081423
1970-01-07T11:00:00.000000Z	0.87609524	0.23673087740006105
1970-01-07T11:16:40.000000Z	0.9224004	0.6713174919725877
1970-01-07T11:33:20.000000Z	0.53206366	0.6383145056717429
1970-01-07T11:50:00.000000Z	0.32095146	0.7553832117277283
1970-01-07T12:06:40.000000Z	0.3865645	0.1572805871525168
1970-01-07T12:23:20.000000Z	0.2384628	0.061646717786158045
1970-01-07T12:40:00.000000Z	0.8922034	0.22156975706915538
1970-01-07T12:56:40.000000Z	0.9578716	0.5519190966196398
1970-01-07T13:13:20.000000Z	0.30878645	0.10287867683029772
1970-01-07T13:30:00.000000Z	0.5079751	0.8756165114231503
1970-01-07T13:46:40.000000Z	0.4104855	0.5884931033499815
1970-01-07T14:03:20.000000Z	0.01126349	0.48422909268940273
1970-01-07T14:20:00.000000Z	0.8457748	0.3981872443575455
1970-01-07T14:36:40.000000Z	0.28240764	0.23387203820756874
1970-01-07T14:53:20.000000Z	0.7573042	0.858967821197869
1970-01-07T15:10:00.000000Z	0.8377384	0.3074049506535589
1970-01-07T15:26:40.000000Z	0.12465119	0.6382226254026024
1970-01-07T15:43:20.000000Z	0.104240775	0.33000048678357863
1970-01-07T16:00:00.000000Z	0.5511841	0.19823647700531244
1970-01-07T16:16:40.000000Z	0.7417434	0.8404550497056366
1970-01-07T16:33:20.000000Z	0.57636917	0.8074158211799941
1970-01-07T16:50:00.000000Z	0.3257869	0.056099346819408535
1970-01-07T17:06:40.000000Z	0.6051204	0.6355534187114189
1970-01-07T17:23:20.000000Z	0.9610592	0.14105044938124922
1970-01-07T17:40:00.000000Z	0.34085512	0.009379969318743853
1970-01-07T17:56:40.000000Z	0.8718394	0.06970926959068269
1970-01-07T18:13:20.000000Z	0.6728521	0.8645117110218422
1970-01-07T18:30:00.000000Z	0.52777666	0.588707402066503
1970-01-07T18:46:40.000000Z	0.45732588	0.7407568814442186
1970-01-07T19:03:20.000000Z	0.7612964	0.19188599215569557
1970-01-07T19:20:00.000000Z	0.37266183	0.6130518815428464
1970-01-07T19:36:40.000000Z	0.28757387	0.5522442336842381
1970-01-07T19:53:20.000000Z	0.49608183	0.16227550791363532
1970-01-07T20:10:00.000000Z	0.91545486	0.5341281613747126
1970-01-07T20:26:40.000000Z	0.80619884	0.722395777265195
1970-01-07T20:43:20.000000Z	0.938019	0.5265022802557376
1970-01-07T21:00:00.000000Z	0.13607574	0.41965514885911137
1970-01-07T21:16:40.000000Z	0.17797792	0.635559043242417
1970-01-07T21:33:20.000000Z	0.88106704	0.3838483044911978
1970-01-07T21:50:00.000000Z	0.59561634	0.8440228885347915
1970-01-07T22:06:40.000000Z	0.13648015	0.8151906661765794
1970-01-07T22:23:20.000000Z	0.3436802	0.8740701330165472
1970-01-07T22:40:00.000000Z	0.5784462	0.47486309648420666
1970-01-07T22:56:40.000000Z	0.9325892	0.8463546125750203
1970-01-07T23:13:20.000000Z	0.51337385	0.11919556761688443
1970-01-07T23:30:00.000000Z	0.046172142	0.7579806386710018
1970-01-07T23:46:40.000000Z	0.51409096	0.030053677842730053
1970-01-08T00:03:20.000000Z	0.5613174	0.010880186533459568
1970-01-08T00:20:00.000000Z	0.77291113	0.12934061164115174
1970-01-08T00:36:40.000000Z	0.8245823	0.8940422626709261
1970-01-08T00:53:20.000000Z	0.8645536	0.5570298738371094
1970-01-08T01:10:00.000000Z	0.72229517	0.2056999100146133
1970-01-08T01:26:40.000000Z	0.9720791	0.16638148883943538
1970-01-08T01:43:20.000000Z	0.18106055	0.9940353811420282
1970-01-08T02:00:00.000000Z	0.8967197	0.03316384292922936
1970-01-08T02:16:40.000000Z	0.8669667	0.5625345667824141
1970-01-08T02:33:20.000000Z	0.48644048	0.1761365701299611
1970-01-08T02:50:00.000000Z	0.91288483	0.7820780604033565
1970-01-08T03:06:40.000000Z	0.11269039	0.865090011761414
1970-01-08T03:23:20.000000Z	0.36699992	0.934903219932462
1970-01-08T03:40:00.000000Z	0.71841085	0.7297333902729862
1970-01-08T03:56:40.000000Z	0.77764744	0.04653410879629005
1970-01-08T04:13:20.000000Z	0.4151433	0.3711772113004822
1970-01-08T04:30:00.000000Z	0.12027055	0.9632550816669818
1970-01-08T04:46:40.000000Z	0.59997505	0.7958221844381383
1970-01-08T05:03:20.000000Z	0.4995066	0.9577766506748923
1970-01-08T05:20:00.000000Z	0.9251043	0.3853382179165218
1970-01-08T05:36:40.000000Z	0.7573509	0.8052728021480802
1970-01-08T05:53:20.000000Z	0.9207177	0.9218417423219895
1970-01-08T06:10:00.000000Z	0.23290765	0.34856647682981423
1970-01-08T06:26:40.000000Z	0.098302305	0.18965097103168838
1970-01-08T06:43:20.000000Z	0.11493564	0.9615445349922865
1970-01-08T07:00:00.000000Z	0.22148532	0.20590841547148808
1970-01-08T07:16:40.000000Z	0.45039213	0.45481487255910047
1970-01-08T07:33:20.000000Z	0.32484764	0.8655175708545882
1970-01-08T07:50:00.000000Z	0.63856494	0.543578943048389
1970-01-08T08:06:40.000000Z	0.882594	0.008427132543617488
1970-01-08T08:23:20.000000Z	0.053399444	0.9236914780318218
1970-01-08T08:40:00.000000Z	0.48946387	0.7277312337314652
1970-01-08T08:56:40.000000Z	0.21145552	0.13828190482245106
1970-01-08T09:13:20.000000Z	0.96111906	0.1061278014852981
1970-01-08T09:30:00.000000Z	0.6252758	0.1855717716409928
1970-01-08T09:46:40.000000Z	0.14419734	0.2451024284288017
1970-01-08T10:03:20.000000Z	0.9425658	0.9750022872073287
1970-01-08T10:20:00.000000Z	0.98595256	0.5811808651778122
1970-01-08T10:36:40.000000Z	0.9028381	0.3471369948970455
1970-01-08T10:53:20.000000Z	0.7399948	0.0692522027228214
1970-01-08T11:10:00.000000Z	0.87065005	0.8590362244860776
1970-01-08T11:26:40.000000Z	0.78529274	0.8902692640333876
1970-01-08T11:43:20.000000Z	0.45384896	0.9965895851849988
1970-01-08T12:00:00.000000Z	0.1601438	0.3619798633033373
1970-01-08T12:16:40.000000Z	0.64591825	0.7652775387729266
1970-01-08T12:33:20.000000Z	0.89649004	0.15261324080568295
1970-01-08T12:50:00.000000Z	0.27637136	0.9195740975222033
1970-01-08T13:06:40.000000Z	0.2014991	0.6438029616302258
1970-01-08T13:23:20.000000Z	0.11465883	0.37618126545774533
1970-01-08T13:40:00.000000Z	0.17400354	0.6678075536746959
1970-01-08T13:56:40.000000Z	0.21535408	0.8819879656943238
1970-01-08T14:13:20.000000Z	0.668787	0.08279390708503653
1970-01-08T14:30:00.000000Z	0.2582028	0.7409710178368596
